<?xml version="1.0" encoding="UTF-8"?>
<!-- Generated by org.testng.reporters.JUnitReportReporter -->
<testsuite skipped="0" hostname="DESKTOP-DG8PCMH" name="com.atipune.pom.tests.HomePageTest" tests="5" failures="0" timestamp="2021-12-19T18:31:18 IST" time="0.344" errors="0">
  <testcase name="verifyHomePageTitle" time="0.041" classname="com.atipune.pom.tests.HomePageTest"/>
  <system-out/>
  <testcase name="verifyNewArrivalsDisplayed" time="0.166" classname="com.atipune.pom.tests.HomePageTest"/>
  <system-out/>
  <testcase name="verifyFirstBookTitle" time="0.047" classname="com.atipune.pom.tests.HomePageTest"/>
  <system-out/>
  <testcase name="verifySecondBookTitle" time="0.044" classname="com.atipune.pom.tests.HomePageTest"/>
  <system-out/>
  <testcase name="verifyThrirdBookTitle" time="0.046" classname="com.atipune.pom.tests.HomePageTest"/>
  <system-out/>
</testsuite> <!-- com.atipune.pom.tests.HomePageTest -->
